<?xml version="1.0" encoding="UTF-8" ?>
<testsuite tests="3" failures="1" name="eu.jpereira.trainings.designpatterns.creational.singleton.ReportBuilderTest" time="7.899" errors="0" skipped="0">
  <properties>
[...]
</properties>
  <testcase classname="eu.jpereira.trainings.designpatterns.creational.singleton.ReportBuilderTest" name="testMultiThreading" time="3.946">
    <failure message="expected:&lt;eu.jpereira.trainings.designpatterns.creational.singleton.ReportBuilder@41af6694&gt; but was:&lt;eu.jpereira.trainings.designpatterns.creational.singleton.ReportBuilder@3f6f4c87&gt;" type="java.lang.AssertionError">java.lang.AssertionError: expected:&lt;eu.jpereira.trainings.designpatterns.creational.singleton.ReportBuilder@41af6694&gt; but was:&lt;eu.jpereira.trainings.designpatterns.creational.singleton.ReportBuilder@3f6f4c87&gt;
	at org.junit.Assert.fail(Assert.java:93)
	at org.junit.Assert.failNotEquals(Assert.java:647)
	at org.junit.Assert.assertEquals(Assert.java:128)
	at org.junit.Assert.assertEquals(Assert.java:147)
	at eu.jpereira.trainings.designpatterns.creational.singleton.ReportBuilderTest.testMultiThreading(ReportBuilderTest.java:72)
	at sun.reflect.NativeMethodAccessorImpl.invoke0(Native Method)
	at sun.reflect.NativeMethodAccessorImpl.invoke(NativeMethodAccessorImpl.java:62)
	at sun.reflect.DelegatingMethodAccessorImpl.invoke(DelegatingMethodAccessorImpl.java:43)
	at java.lang.reflect.Method.invoke(Method.java:498)
	at org.junit.runners.model.FrameworkMethod$1.runReflectiveCall(FrameworkMethod.java:44)
	at org.junit.internal.runners.model.ReflectiveCallable.run(ReflectiveCallable.java:15)
	at org.junit.runners.model.FrameworkMethod.invokeExplosively(FrameworkMethod.java:41)
	at org.junit.internal.runners.statements.InvokeMethod.evaluate(InvokeMethod.java:20)
	at org.junit.internal.runners.statements.RunBefores.evaluate(RunBefores.java:28)
	at org.junit.runners.ParentRunner.runLeaf(ParentRunner.java:263)
	at org.junit.runners.BlockJUnit4ClassRunner.runChild(BlockJUnit4ClassRunner.java:69)
	at org.junit.runners.BlockJUnit4ClassRunner.runChild(BlockJUnit4ClassRunner.java:48)
	at org.junit.runners.ParentRunner$3.run(ParentRunner.java:231)
	at org.junit.runners.ParentRunner$1.schedule(ParentRunner.java:60)
	at org.junit.runners.ParentRunner.runChildren(ParentRunner.java:229)
	at org.junit.runners.ParentRunner.access$000(ParentRunner.java:50)
	at org.junit.runners.ParentRunner$2.evaluate(ParentRunner.java:222)
	at org.junit.runners.ParentRunner.run(ParentRunner.java:292)
	at org.apache.maven.surefire.junit4.JUnit4Provider.execute(JUnit4Provider.java:252)
	at org.apache.maven.surefire.junit4.JUnit4Provider.executeTestSet(JUnit4Provider.java:141)
	at org.apache.maven.surefire.junit4.JUnit4Provider.invoke(JUnit4Provider.java:112)
	at sun.reflect.NativeMethodAccessorImpl.invoke0(Native Method)
	at sun.reflect.NativeMethodAccessorImpl.invoke(NativeMethodAccessorImpl.java:62)
	at sun.reflect.DelegatingMethodAccessorImpl.invoke(DelegatingMethodAccessorImpl.java:43)
	at java.lang.reflect.Method.invoke(Method.java:498)
	at org.apache.maven.surefire.util.ReflectionUtils.invokeMethodWithArray(ReflectionUtils.java:189)
	at org.apache.maven.surefire.booter.ProviderFactory$ProviderProxy.invoke(ProviderFactory.java:165)
	at org.apache.maven.surefire.booter.ProviderFactory.invokeProvider(ProviderFactory.java:85)
	at org.apache.maven.surefire.booter.ForkedBooter.runSuitesInProcess(ForkedBooter.java:115)
	at org.apache.maven.surefire.booter.ForkedBooter.main(ForkedBooter.java:75)
</failure>
    <system-out>Getting instance for Thread 8
Instance is null for Thread 8
Getting instance for Thread 9
Getting instance for Thread 11
Instance is null for Thread 11
Getting instance for Thread 10
Instance is null for Thread 10
Instance is null for Thread 9
Getting instance for Thread 12
Instance is null for Thread 12
Getting instance for Thread 13
Instance is null for Thread 13
Getting instance for Thread 14
Instance is null for Thread 14
Getting instance for Thread 15
Instance is null for Thread 15
Getting instance for Thread 16
Instance is null for Thread 16
Getting instance for Thread 17
Instance is null for Thread 17
Returing 1102014100 instance to Thread 12
Returing 1064258695 instance to Thread 17
Returing 699145344 instance to Thread 10
Returing 1973686030 instance to Thread 16
Returing 318878588 instance to Thread 9
Returing 1085481974 instance to Thread 13
Returing 173013576 instance to Thread 8
Thread 8 died!
Thread 9 died!
Thread 10 died!
Returing 184042156 instance to Thread 11
Thread 11 died!
Thread 12 died!
Thread 13 died!
Returing 150774579 instance to Thread 14
Thread 14 died!
Returing 767488539 instance to Thread 15
Thread 15 died!
Thread 16 died!
Thread 17 died!
</system-out>
  </testcase>
  <testcase classname="eu.jpereira.trainings.designpatterns.creational.singleton.ReportBuilderTest" name="testGetSingleton" time="1.958"/>
  <testcase classname="eu.jpereira.trainings.designpatterns.creational.singleton.ReportBuilderTest" name="measureInitializeTime" time="1.995"/>
</testsuite>